Using pre-set license
Built from '2021.2/staging' branch; Version is '2021.2.1f1 (c20c6d589440) revision 12717165'; Using compiler version '192829333'; Build Type 'Release'
OS: 'Windows 10 Home; OS build 22000.318; Version 2009; 64bit' Language: 'fr' Physical Memory: 16225 MB
BatchMode: 1, IsHumanControllingUs: 0, StartBugReporterOnCrash: 0, Is64bit: 1, IsPro: 0

COMMAND LINE ARGUMENTS:
C:\Program Files\Unity\Hub\Editor\2021.2.1f1\Editor\Unity.exe
-adb2
-batchMode
-noUpm
-name
AssetImportWorker0
-projectPath
C:/Users/meret/Desktop/Parlement--main/Parlement--main/Parlement-
-logFile
Logs/AssetImportWorker0.log
-srvPort
55147
Successfully changed project path to: C:/Users/meret/Desktop/Parlement--main/Parlement--main/Parlement-
C:/Users/meret/Desktop/Parlement--main/Parlement--main/Parlement-
[UnityMemory] Configuration Parameters - Can be set up in boot.config
    "memorysetup-bucket-allocator-granularity=16"
    "memorysetup-bucket-allocator-bucket-count=8"
    "memorysetup-bucket-allocator-block-size=33554432"
    "memorysetup-bucket-allocator-block-count=8"
    "memorysetup-main-allocator-block-size=16777216"
    "memorysetup-thread-allocator-block-size=16777216"
    "memorysetup-gfx-main-allocator-block-size=16777216"
    "memorysetup-gfx-thread-allocator-block-size=16777216"
    "memorysetup-cache-allocator-block-size=4194304"
    "memorysetup-typetree-allocator-block-size=2097152"
    "memorysetup-profiler-bucket-allocator-granularity=16"
    "memorysetup-profiler-bucket-allocator-bucket-count=8"
    "memorysetup-profiler-bucket-allocator-block-size=33554432"
    "memorysetup-profiler-bucket-allocator-block-count=8"
    "memorysetup-profiler-allocator-block-size=16777216"
    "memorysetup-profiler-editor-allocator-block-size=1048576"
    "memorysetup-temp-allocator-size-main=16777216"
    "memorysetup-job-temp-allocator-block-size=2097152"
    "memorysetup-job-temp-allocator-block-size-background=1048576"
    "memorysetup-job-temp-allocator-reduction-small-platforms=262144"
    "memorysetup-temp-allocator-size-background-worker=32768"
    "memorysetup-temp-allocator-size-job-worker=262144"
    "memorysetup-temp-allocator-size-preload-manager=33554432"
    "memorysetup-temp-allocator-size-nav-mesh-worker=65536"
    "memorysetup-temp-allocator-size-audio-worker=65536"
    "memorysetup-temp-allocator-size-cloud-worker=32768"
    "memorysetup-temp-allocator-size-gi-baking-worker=262144"
    "memorysetup-temp-allocator-size-gfx=262144"
Refreshing native plugins compatible for Editor in 30.76 ms, found 2 plugins.
Preloading 0 native plugins for Editor in 0.00 ms.
Initialize engine version: 2021.2.1f1 (c20c6d589440)
[Subsystems] Discovering subsystems at path C:/Program Files/Unity/Hub/Editor/2021.2.1f1/Editor/Data/Resources/UnitySubsystems
[Subsystems] Discovering subsystems at path C:/Users/meret/Desktop/Parlement--main/Parlement--main/Parlement-/Assets
GfxDevice: creating device client; threaded=0; jobified=0
Direct3D:
    Version:  Direct3D 11.0 [level 11.1]
    Renderer: NVIDIA GeForce GTX 1660 Ti with Max-Q Design (ID=0x2191)
    Vendor:   NVIDIA
    VRAM:     5991 MB
    Driver:   30.0.14.9649
Initialize mono
Mono path[0] = 'C:/Program Files/Unity/Hub/Editor/2021.2.1f1/Editor/Data/Managed'
Mono path[1] = 'C:/Program Files/Unity/Hub/Editor/2021.2.1f1/Editor/Data/MonoBleedingEdge/lib/mono/unityjit-win32'
Mono config path = 'C:/Program Files/Unity/Hub/Editor/2021.2.1f1/Editor/Data/MonoBleedingEdge/etc'
Using monoOptions --debugger-agent=transport=dt_socket,embedding=1,server=y,suspend=n,address=127.0.0.1:56956
Begin MonoManager ReloadAssembly
Registering precompiled unity dll's ...
Register platform support module: C:/Program Files/Unity/Hub/Editor/2021.2.1f1/Editor/Data/PlaybackEngines/WindowsStandaloneSupport/UnityEditor.WindowsStandalone.Extensions.dll
Registered in 0.008670 seconds.
Native extension for WindowsStandalone target not found
Refreshing native plugins compatible for Editor in 27.49 ms, found 2 plugins.
Preloading 0 native plugins for Editor in 0.00 ms.
Mono: successfully reloaded assembly
- Completed reload, in  0.982 seconds
Domain Reload Profiling:
	ReloadAssembly (983ms)
		BeginReloadAssembly (90ms)
			ExecutionOrderSort (0ms)
			DisableScriptedObjects (0ms)
			BackupInstance (0ms)
			ReleaseScriptingObjects (0ms)
			CreateAndSetChildDomain (1ms)
		EndReloadAssembly (501ms)
			LoadAssemblies (88ms)
			RebuildTransferFunctionScriptingTraits (0ms)
			SetupTypeCache (129ms)
			ReleaseScriptCaches (0ms)
			RebuildScriptCaches (32ms)
			SetupLoadedEditorAssemblies (281ms)
				LogAssemblyErrors (0ms)
				InitializePlatformSupportModulesInManaged (7ms)
				SetLoadedEditorAssemblies (0ms)
				RefreshPlugins (28ms)
				BeforeProcessingInitializeOnLoad (1ms)
				ProcessInitializeOnLoadAttributes (189ms)
				ProcessInitializeOnLoadMethodAttributes (57ms)
				AfterProcessingInitializeOnLoad (0ms)
				EditorAssembliesLoaded (0ms)
			ExecutionOrderSort2 (0ms)
			AwakeInstancesAfterBackupRestoration (0ms)
Platform modules already initialized, skipping
Registering precompiled user dll's ...
Registered in 0.003323 seconds.
Begin MonoManager ReloadAssembly
Native extension for WindowsStandalone target not found
Refreshing native plugins compatible for Editor in 0.50 ms, found 2 plugins.
Preloading 0 native plugins for Editor in 0.00 ms.
Mono: successfully reloaded assembly
- Completed reload, in  1.355 seconds
Domain Reload Profiling:
	ReloadAssembly (1356ms)
		BeginReloadAssembly (223ms)
			ExecutionOrderSort (0ms)
			DisableScriptedObjects (8ms)
			BackupInstance (0ms)
			ReleaseScriptingObjects (0ms)
			CreateAndSetChildDomain (27ms)
		EndReloadAssembly (992ms)
			LoadAssemblies (93ms)
			RebuildTransferFunctionScriptingTraits (0ms)
			SetupTypeCache (263ms)
			ReleaseScriptCaches (1ms)
			RebuildScriptCaches (63ms)
			SetupLoadedEditorAssemblies (430ms)
				LogAssemblyErrors (0ms)
				InitializePlatformSupportModulesInManaged (17ms)
				SetLoadedEditorAssemblies (0ms)
				RefreshPlugins (1ms)
				BeforeProcessingInitializeOnLoad (71ms)
				ProcessInitializeOnLoadAttributes (304ms)
				ProcessInitializeOnLoadMethodAttributes (30ms)
				AfterProcessingInitializeOnLoad (6ms)
				EditorAssembliesLoaded (0ms)
			ExecutionOrderSort2 (0ms)
			AwakeInstancesAfterBackupRestoration (8ms)
Platform modules already initialized, skipping
========================================================================
Worker process is ready to serve import requests
Launched and connected shader compiler UnityShaderCompiler.exe after 0.09 seconds
Refreshing native plugins compatible for Editor in 0.66 ms, found 2 plugins.
Preloading 0 native plugins for Editor in 0.00 ms.
Unloading 1514 Unused Serialized files (Serialized files now loaded: 0)
Unloading 19 unused Assets / (48.0 KB). Loaded Objects now: 1979.
Memory consumption went from 69.9 MB to 69.8 MB.
Total: 6.400200 ms (FindLiveObjects: 0.174700 ms CreateObjectMapping: 0.095000 ms MarkObjects: 6.029700 ms  DeleteObjects: 0.099600 ms)

AssetImportParameters requested are different than current active one (requested -> active):
  custom:video-decoder-ogg-theora: a1e56fd34408186e4bbccfd4996cb3dc -> 
  custom:container-muxer-webm: aa71ff27fc2769a1b78a27578f13a17b -> 
  custom:container-demuxer-webm: 4f35f7cbe854078d1ac9338744f61a02 -> 
  custom:video-encoder-webm-vp8: eb34c28f22e8b96e1ab97ce403110664 -> 
  custom:video-codec-MediaFoundation-h265: 746d11721c4dcdbdad8f713fa42b33f4 -> 
  custom:audio-encoder-webm-vorbis: bf7c407c2cedff20999df2af8eb42d56 -> 
  custom:framework-win-MediaFoundation: 216162199b28c13a410421893ffa2e32 -> 
  custom:container-demuxer-ogg: 62fdf1f143b41e24485cea50d1cbac27 -> 
  custom:video-decoder-webm-vp8: 9c59270c3fd7afecdb556c50c9e8de78 -> 
  custom:audio-decoder-ogg-vorbis: bf7c407c2cedff20999df2af8eb42d56 -> 
========================================================================
Received Import Request.
  Time since last request: 418986.329689 seconds.
  path: Assets/Script/LeaveGame.cs
  artifactKey: Guid(3b2974eeec51f324983ed296a52f9d6d) Importer(815301076,1909f56bfc062723c751e8b465ee728b)
Start importing Assets/Script/LeaveGame.cs using Guid(3b2974eeec51f324983ed296a52f9d6d) Importer(815301076,1909f56bfc062723c751e8b465ee728b)  -> (artifact id: '0b14319324eb004ebf9a390eb83faa10') in 0.101811 seconds 
========================================================================
Received Import Request.
  Time since last request: 14.898927 seconds.
  path: Assets/Script/LeaveGame.cs
  artifactKey: Guid(3b2974eeec51f324983ed296a52f9d6d) Importer(815301076,1909f56bfc062723c751e8b465ee728b)
Start importing Assets/Script/LeaveGame.cs using Guid(3b2974eeec51f324983ed296a52f9d6d) Importer(815301076,1909f56bfc062723c751e8b465ee728b)  -> (artifact id: 'cdce36aab7bcb434af13b426a92d22d0') in 0.013400 seconds 
========================================================================
Received Prepare
Registering precompiled user dll's ...
Registered in 0.006695 seconds.
Begin MonoManager ReloadAssembly
Native extension for WindowsStandalone target not found
Refreshing native plugins compatible for Editor in 0.36 ms, found 2 plugins.
Preloading 0 native plugins for Editor in 0.00 ms.
Mono: successfully reloaded assembly
- Completed reload, in  1.429 seconds
Domain Reload Profiling:
	ReloadAssembly (1430ms)
		BeginReloadAssembly (302ms)
			ExecutionOrderSort (0ms)
			DisableScriptedObjects (8ms)
			BackupInstance (0ms)
			ReleaseScriptingObjects (0ms)
			CreateAndSetChildDomain (82ms)
		EndReloadAssembly (987ms)
			LoadAssemblies (101ms)
			RebuildTransferFunctionScriptingTraits (0ms)
			SetupTypeCache (319ms)
			ReleaseScriptCaches (1ms)
			RebuildScriptCaches (62ms)
			SetupLoadedEditorAssemblies (343ms)
				LogAssemblyErrors (0ms)
				InitializePlatformSupportModulesInManaged (18ms)
				SetLoadedEditorAssemblies (0ms)
				RefreshPlugins (0ms)
				BeforeProcessingInitializeOnLoad (55ms)
				ProcessInitializeOnLoadAttributes (240ms)
				ProcessInitializeOnLoadMethodAttributes (23ms)
				AfterProcessingInitializeOnLoad (6ms)
				EditorAssembliesLoaded (0ms)
			ExecutionOrderSort2 (0ms)
			AwakeInstancesAfterBackupRestoration (6ms)
Platform modules already initialized, skipping
Refreshing native plugins compatible for Editor in 0.31 ms, found 2 plugins.
Preloading 0 native plugins for Editor in 0.00 ms.
Unloading 1508 Unused Serialized files (Serialized files now loaded: 0)
Unloading 14 unused Assets / (24.6 KB). Loaded Objects now: 1981.
Memory consumption went from 69.7 MB to 69.7 MB.
Total: 2.584400 ms (FindLiveObjects: 0.130800 ms CreateObjectMapping: 0.052500 ms MarkObjects: 2.379500 ms  DeleteObjects: 0.020600 ms)

AssetImportParameters requested are different than current active one (requested -> active):
  custom:video-decoder-ogg-theora: a1e56fd34408186e4bbccfd4996cb3dc -> 
  custom:container-muxer-webm: aa71ff27fc2769a1b78a27578f13a17b -> 
  custom:container-demuxer-webm: 4f35f7cbe854078d1ac9338744f61a02 -> 
  custom:video-encoder-webm-vp8: eb34c28f22e8b96e1ab97ce403110664 -> 
  custom:video-codec-MediaFoundation-h265: 746d11721c4dcdbdad8f713fa42b33f4 -> 
  custom:audio-encoder-webm-vorbis: bf7c407c2cedff20999df2af8eb42d56 -> 
  custom:framework-win-MediaFoundation: 216162199b28c13a410421893ffa2e32 -> 
  custom:container-demuxer-ogg: 62fdf1f143b41e24485cea50d1cbac27 -> 
  custom:video-decoder-webm-vp8: 9c59270c3fd7afecdb556c50c9e8de78 -> 
  custom:audio-decoder-ogg-vorbis: bf7c407c2cedff20999df2af8eb42d56 -> 
========================================================================
Received Prepare
Refreshing native plugins compatible for Editor in 6.82 ms, found 2 plugins.
Preloading 0 native plugins for Editor in 0.00 ms.
Unloading 12 Unused Serialized files (Serialized files now loaded: 0)
Unloading 12 unused Assets / (21.9 KB). Loaded Objects now: 1981.
Memory consumption went from 39.7 MB to 39.6 MB.
Total: 22.531600 ms (FindLiveObjects: 0.227900 ms CreateObjectMapping: 0.118600 ms MarkObjects: 22.158000 ms  DeleteObjects: 0.025500 ms)

AssetImportParameters requested are different than current active one (requested -> active):
  custom:video-decoder-ogg-theora: a1e56fd34408186e4bbccfd4996cb3dc -> 
  custom:container-muxer-webm: aa71ff27fc2769a1b78a27578f13a17b -> 
  custom:container-demuxer-webm: 4f35f7cbe854078d1ac9338744f61a02 -> 
  custom:video-encoder-webm-vp8: eb34c28f22e8b96e1ab97ce403110664 -> 
  custom:video-codec-MediaFoundation-h265: 746d11721c4dcdbdad8f713fa42b33f4 -> 
  custom:audio-encoder-webm-vorbis: bf7c407c2cedff20999df2af8eb42d56 -> 
  custom:framework-win-MediaFoundation: 216162199b28c13a410421893ffa2e32 -> 
  custom:container-demuxer-ogg: 62fdf1f143b41e24485cea50d1cbac27 -> 
  custom:video-decoder-webm-vp8: 9c59270c3fd7afecdb556c50c9e8de78 -> 
  custom:audio-decoder-ogg-vorbis: bf7c407c2cedff20999df2af8eb42d56 -> 
========================================================================
Received Import Request.
  Time since last request: 173.200381 seconds.
  path: Assets/AssetUI/Bouton_Options.png
  artifactKey: Guid(f76b7bcb98ece474cb41dec038e75212) Importer(2089858483,934ff659095e30574adcf32a4c2f97b5)
Start importing Assets/AssetUI/Bouton_Options.png using Guid(f76b7bcb98ece474cb41dec038e75212) Importer(2089858483,934ff659095e30574adcf32a4c2f97b5) Generated GUIDs only implemented for interfaces!
 -> (artifact id: '1cee822ac08cfccd1917c8d72f1777f0') in 0.135270 seconds 
========================================================================
Received Import Request.
  Time since last request: 0.000026 seconds.
  path: Assets/Matérial/New Material 3.mat
  artifactKey: Guid(1b84c2f1a0df30e47817fd36577056d0) Importer(2089858483,934ff659095e30574adcf32a4c2f97b5)
Start importing Assets/Matérial/New Material 3.mat using Guid(1b84c2f1a0df30e47817fd36577056d0) Importer(2089858483,934ff659095e30574adcf32a4c2f97b5) Generated GUIDs only implemented for interfaces!
 -> (artifact id: '1740df24eb77bd245c7ffd5ac937646e') in 0.022116 seconds 
========================================================================
Received Import Request.
  Time since last request: 0.000040 seconds.
  path: Assets/AssetUI/fleche_G.png
  artifactKey: Guid(1b7b095ede2dab7408a60a00551b6809) Importer(2089858483,934ff659095e30574adcf32a4c2f97b5)
Start importing Assets/AssetUI/fleche_G.png using Guid(1b7b095ede2dab7408a60a00551b6809) Importer(2089858483,934ff659095e30574adcf32a4c2f97b5) Generated GUIDs only implemented for interfaces!
 -> (artifact id: 'e013b55d8fe766505e444a6e037a6a11') in 0.020774 seconds 
========================================================================
Received Import Request.
  Time since last request: 0.000022 seconds.
  path: Assets/AssetUI/Map Couloir2.png
  artifactKey: Guid(c619398041ec3a04e98a06fc1c66811d) Importer(2089858483,934ff659095e30574adcf32a4c2f97b5)
Start importing Assets/AssetUI/Map Couloir2.png using Guid(c619398041ec3a04e98a06fc1c66811d) Importer(2089858483,934ff659095e30574adcf32a4c2f97b5) Generated GUIDs only implemented for interfaces!
 -> (artifact id: 'd6113704b8c808fb1edd60348234cbb9') in 0.036147 seconds 
========================================================================
Received Import Request.
  Time since last request: 0.000019 seconds.
  path: Assets/Script/ChangeScene.cs
  artifactKey: Guid(b9a855b7b5bd3fc49802d5fdf2d5ffe0) Importer(2089858483,934ff659095e30574adcf32a4c2f97b5)
Start importing Assets/Script/ChangeScene.cs using Guid(b9a855b7b5bd3fc49802d5fdf2d5ffe0) Importer(2089858483,934ff659095e30574adcf32a4c2f97b5) Generated GUIDs only implemented for interfaces!
 -> (artifact id: '87dd887cbce7afcaf11e6febafd31b4f') in 0.015239 seconds 
========================================================================
Received Import Request.
  Time since last request: 0.000027 seconds.
  path: Assets/AssetUI/fleche_B.png
  artifactKey: Guid(a10d7136df2f494408e0824e5e0e24d9) Importer(2089858483,934ff659095e30574adcf32a4c2f97b5)
Start importing Assets/AssetUI/fleche_B.png using Guid(a10d7136df2f494408e0824e5e0e24d9) Importer(2089858483,934ff659095e30574adcf32a4c2f97b5) Generated GUIDs only implemented for interfaces!
 -> (artifact id: '8b17ce7d0e4f0adafa898ef7e76909fd') in 0.082380 seconds 
========================================================================
Received Import Request.
  Time since last request: 0.000019 seconds.
  path: Assets/Script/MakeInvisible.cs
  artifactKey: Guid(6a2b657d711e20441b45e4afa529ea11) Importer(2089858483,934ff659095e30574adcf32a4c2f97b5)
Start importing Assets/Script/MakeInvisible.cs using Guid(6a2b657d711e20441b45e4afa529ea11) Importer(2089858483,934ff659095e30574adcf32a4c2f97b5) Generated GUIDs only implemented for interfaces!
 -> (artifact id: '9e3a308667376e3a7c1bf2ef57cbc4fe') in 0.013657 seconds 
========================================================================
Received Import Request.
  Time since last request: 0.000024 seconds.
  path: Assets/AssetUI/OperationParliament.png
  artifactKey: Guid(c14c0c2a80601224b9accaa20f7002f9) Importer(2089858483,934ff659095e30574adcf32a4c2f97b5)
Start importing Assets/AssetUI/OperationParliament.png using Guid(c14c0c2a80601224b9accaa20f7002f9) Importer(2089858483,934ff659095e30574adcf32a4c2f97b5) Generated GUIDs only implemented for interfaces!
 -> (artifact id: 'a4b502114f8d0521b9dabf912c0b3f88') in 0.033106 seconds 
========================================================================
Received Import Request.
  Time since last request: 0.000024 seconds.
  path: Assets/Matérial/New Material 2.mat
  artifactKey: Guid(838daf6360df69d448ca24008f1bd6e5) Importer(2089858483,934ff659095e30574adcf32a4c2f97b5)
Start importing Assets/Matérial/New Material 2.mat using Guid(838daf6360df69d448ca24008f1bd6e5) Importer(2089858483,934ff659095e30574adcf32a4c2f97b5) Generated GUIDs only implemented for interfaces!
 -> (artifact id: '6e9336ed0e5a9fd25feea14eba228a2b') in 0.016297 seconds 
========================================================================
Received Import Request.
  Time since last request: 0.000039 seconds.
  path: Assets/Scenes/GrandeSalleDorure.unity
  artifactKey: Guid(d6acd8ec5ab15894e8ddd49340c9c3c9) Importer(2089858483,934ff659095e30574adcf32a4c2f97b5)
Start importing Assets/Scenes/GrandeSalleDorure.unity using Guid(d6acd8ec5ab15894e8ddd49340c9c3c9) Importer(2089858483,934ff659095e30574adcf32a4c2f97b5) Generated GUIDs only implemented for interfaces!
 -> (artifact id: '0410b69504e9dff32c2b3f855aa6e365') in 0.015766 seconds 
========================================================================
Received Import Request.
  Time since last request: 0.000029 seconds.
  path: Assets/Script/MakeVisible.cs
  artifactKey: Guid(715776181f17afd4fb0d2cca3623c568) Importer(2089858483,934ff659095e30574adcf32a4c2f97b5)
Start importing Assets/Script/MakeVisible.cs using Guid(715776181f17afd4fb0d2cca3623c568) Importer(2089858483,934ff659095e30574adcf32a4c2f97b5) Generated GUIDs only implemented for interfaces!
 -> (artifact id: '5733295a3611b8a3ce5ef6a4c5225371') in 0.015714 seconds 
========================================================================
Received Import Request.
  Time since last request: 0.000031 seconds.
  path: Assets/AssetUI/ButtonMenu.png
  artifactKey: Guid(dd287babced5d074ea7feed96dc987ff) Importer(2089858483,934ff659095e30574adcf32a4c2f97b5)
Start importing Assets/AssetUI/ButtonMenu.png using Guid(dd287babced5d074ea7feed96dc987ff) Importer(2089858483,934ff659095e30574adcf32a4c2f97b5) Generated GUIDs only implemented for interfaces!
 -> (artifact id: '27b96a559bacac1fc58865af7f3035e4') in 0.016176 seconds 
========================================================================
Received Import Request.
  Time since last request: 0.000017 seconds.
  path: Assets/Scenes/MenuPrincipal.unity
  artifactKey: Guid(9fc0d4010bbf28b4594072e72b8655ab) Importer(2089858483,934ff659095e30574adcf32a4c2f97b5)
Start importing Assets/Scenes/MenuPrincipal.unity using Guid(9fc0d4010bbf28b4594072e72b8655ab) Importer(2089858483,934ff659095e30574adcf32a4c2f97b5) Generated GUIDs only implemented for interfaces!
 -> (artifact id: 'e599ca002b7444a258049cc52643e413') in 0.016147 seconds 
========================================================================
Received Import Request.
  Time since last request: 0.000019 seconds.
  path: Assets/AssetUI/Map SalleDorée.png
  artifactKey: Guid(38d369d348bcee940a399f9122f3d47e) Importer(2089858483,934ff659095e30574adcf32a4c2f97b5)
Start importing Assets/AssetUI/Map SalleDorée.png using Guid(38d369d348bcee940a399f9122f3d47e) Importer(2089858483,934ff659095e30574adcf32a4c2f97b5) Generated GUIDs only implemented for interfaces!
 -> (artifact id: 'ebc0b54d418c16043e633b0f6318eb29') in 0.024582 seconds 
========================================================================
Received Import Request.
  Time since last request: 0.000034 seconds.
  path: Assets/AssetUI/fleche_D.png
  artifactKey: Guid(0cff37ef4c9c179419fdb60f5b918d12) Importer(2089858483,934ff659095e30574adcf32a4c2f97b5)
Start importing Assets/AssetUI/fleche_D.png using Guid(0cff37ef4c9c179419fdb60f5b918d12) Importer(2089858483,934ff659095e30574adcf32a4c2f97b5) Generated GUIDs only implemented for interfaces!
 -> (artifact id: '8b5096be5259cb95607c1b6f9d88c393') in 0.016538 seconds 
========================================================================
Received Import Request.
  Time since last request: 0.000023 seconds.
  path: Assets/Scenes/Salle Dorée.unity
  artifactKey: Guid(ed75b2cb8aa93344a8fa587148054de0) Importer(2089858483,934ff659095e30574adcf32a4c2f97b5)
Start importing Assets/Scenes/Salle Dorée.unity using Guid(ed75b2cb8aa93344a8fa587148054de0) Importer(2089858483,934ff659095e30574adcf32a4c2f97b5) Generated GUIDs only implemented for interfaces!
 -> (artifact id: '6bfff6de41d0c109397b25388a73d038') in 0.015935 seconds 
========================================================================
Received Import Request.
  Time since last request: 0.000023 seconds.
  path: Assets/Script/MakeMePersistent.cs
  artifactKey: Guid(f12362a98e0798e448e61c8702d65a84) Importer(2089858483,934ff659095e30574adcf32a4c2f97b5)
Start importing Assets/Script/MakeMePersistent.cs using Guid(f12362a98e0798e448e61c8702d65a84) Importer(2089858483,934ff659095e30574adcf32a4c2f97b5) Generated GUIDs only implemented for interfaces!
 -> (artifact id: '78a9d98a6e5993ff0e70743d4deb9cdd') in 0.014873 seconds 
========================================================================
Received Import Request.
  Time since last request: 0.000025 seconds.
  path: Assets/Script/LeaveGame.cs
  artifactKey: Guid(3b2974eeec51f324983ed296a52f9d6d) Importer(2089858483,934ff659095e30574adcf32a4c2f97b5)
Start importing Assets/Script/LeaveGame.cs using Guid(3b2974eeec51f324983ed296a52f9d6d) Importer(2089858483,934ff659095e30574adcf32a4c2f97b5) Generated GUIDs only implemented for interfaces!
 -> (artifact id: '76e6858abc63e2410f1529b110c9b094') in 0.017578 seconds 
========================================================================
Received Import Request.
  Time since last request: 0.000023 seconds.
  path: Assets/AssetUI/ButtonClose 3.png
  artifactKey: Guid(8ee28b94b19618d49a5649f59fc09508) Importer(2089858483,934ff659095e30574adcf32a4c2f97b5)
Start importing Assets/AssetUI/ButtonClose 3.png using Guid(8ee28b94b19618d49a5649f59fc09508) Importer(2089858483,934ff659095e30574adcf32a4c2f97b5) Generated GUIDs only implemented for interfaces!
 -> (artifact id: '36751a3a254be5de60016ada618fc62f') in 0.014943 seconds 
========================================================================
Received Import Request.
  Time since last request: 0.000019 seconds.
  path: Assets/AssetUI/Volume 1.png
  artifactKey: Guid(05cf2dff23ec7fb4d8fdf6b0a967af98) Importer(2089858483,934ff659095e30574adcf32a4c2f97b5)
Start importing Assets/AssetUI/Volume 1.png using Guid(05cf2dff23ec7fb4d8fdf6b0a967af98) Importer(2089858483,934ff659095e30574adcf32a4c2f97b5) Generated GUIDs only implemented for interfaces!
 -> (artifact id: '4b54da7b399b4c15120705cdff2e0a2d') in 0.012417 seconds 
========================================================================
Received Prepare
Refreshing native plugins compatible for Editor in 4.05 ms, found 2 plugins.
Preloading 0 native plugins for Editor in 0.00 ms.
Unloading 12 Unused Serialized files (Serialized files now loaded: 0)
Unloading 12 unused Assets / (21.9 KB). Loaded Objects now: 1981.
Memory consumption went from 39.8 MB to 39.8 MB.
Total: 5.636100 ms (FindLiveObjects: 0.174300 ms CreateObjectMapping: 0.163000 ms MarkObjects: 5.271500 ms  DeleteObjects: 0.026300 ms)

AssetImportParameters requested are different than current active one (requested -> active):
  custom:video-decoder-ogg-theora: a1e56fd34408186e4bbccfd4996cb3dc -> 
  custom:container-muxer-webm: aa71ff27fc2769a1b78a27578f13a17b -> 
  custom:container-demuxer-webm: 4f35f7cbe854078d1ac9338744f61a02 -> 
  custom:video-encoder-webm-vp8: eb34c28f22e8b96e1ab97ce403110664 -> 
  custom:video-codec-MediaFoundation-h265: 746d11721c4dcdbdad8f713fa42b33f4 -> 
  custom:audio-encoder-webm-vorbis: bf7c407c2cedff20999df2af8eb42d56 -> 
  custom:framework-win-MediaFoundation: 216162199b28c13a410421893ffa2e32 -> 
  custom:SearchIndexIgnoredProperties: e643bd26f0fe6173181afceb89e7c659 -> 
  custom:container-demuxer-ogg: 62fdf1f143b41e24485cea50d1cbac27 -> 
  custom:video-decoder-webm-vp8: 9c59270c3fd7afecdb556c50c9e8de78 -> 
  custom:audio-decoder-ogg-vorbis: bf7c407c2cedff20999df2af8eb42d56 -> 
========================================================================
Received Prepare
Refreshing native plugins compatible for Editor in 6.83 ms, found 2 plugins.
Preloading 0 native plugins for Editor in 0.00 ms.
Unloading 12 Unused Serialized files (Serialized files now loaded: 0)
Unloading 12 unused Assets / (21.9 KB). Loaded Objects now: 1981.
Memory consumption went from 39.8 MB to 39.8 MB.
Total: 4.927500 ms (FindLiveObjects: 0.182200 ms CreateObjectMapping: 0.107200 ms MarkObjects: 4.619200 ms  DeleteObjects: 0.017600 ms)

AssetImportParameters requested are different than current active one (requested -> active):
  custom:video-decoder-ogg-theora: a1e56fd34408186e4bbccfd4996cb3dc -> 
  custom:container-muxer-webm: aa71ff27fc2769a1b78a27578f13a17b -> 
  custom:container-demuxer-webm: 4f35f7cbe854078d1ac9338744f61a02 -> 
  custom:video-encoder-webm-vp8: eb34c28f22e8b96e1ab97ce403110664 -> 
  custom:video-codec-MediaFoundation-h265: 746d11721c4dcdbdad8f713fa42b33f4 -> 
  custom:audio-encoder-webm-vorbis: bf7c407c2cedff20999df2af8eb42d56 -> 
  custom:framework-win-MediaFoundation: 216162199b28c13a410421893ffa2e32 -> 
  custom:SearchIndexIgnoredProperties: e643bd26f0fe6173181afceb89e7c659 -> 
  custom:container-demuxer-ogg: 62fdf1f143b41e24485cea50d1cbac27 -> 
  custom:video-decoder-webm-vp8: 9c59270c3fd7afecdb556c50c9e8de78 -> 
  custom:audio-decoder-ogg-vorbis: bf7c407c2cedff20999df2af8eb42d56 -> 
========================================================================
Received Prepare
Refreshing native plugins compatible for Editor in 2.72 ms, found 2 plugins.
Preloading 0 native plugins for Editor in 0.00 ms.
Unloading 12 Unused Serialized files (Serialized files now loaded: 0)
Unloading 12 unused Assets / (21.9 KB). Loaded Objects now: 1981.
Memory consumption went from 39.8 MB to 39.8 MB.
Total: 3.823600 ms (FindLiveObjects: 0.188600 ms CreateObjectMapping: 0.123000 ms MarkObjects: 3.491300 ms  DeleteObjects: 0.019700 ms)

AssetImportParameters requested are different than current active one (requested -> active):
  custom:video-decoder-ogg-theora: a1e56fd34408186e4bbccfd4996cb3dc -> 
  custom:container-muxer-webm: aa71ff27fc2769a1b78a27578f13a17b -> 
  custom:container-demuxer-webm: 4f35f7cbe854078d1ac9338744f61a02 -> 
  custom:video-encoder-webm-vp8: eb34c28f22e8b96e1ab97ce403110664 -> 
  custom:video-codec-MediaFoundation-h265: 746d11721c4dcdbdad8f713fa42b33f4 -> 
  custom:audio-encoder-webm-vorbis: bf7c407c2cedff20999df2af8eb42d56 -> 
  custom:framework-win-MediaFoundation: 216162199b28c13a410421893ffa2e32 -> 
  custom:SearchIndexIgnoredProperties: e643bd26f0fe6173181afceb89e7c659 -> 
  custom:container-demuxer-ogg: 62fdf1f143b41e24485cea50d1cbac27 -> 
  custom:video-decoder-webm-vp8: 9c59270c3fd7afecdb556c50c9e8de78 -> 
  custom:audio-decoder-ogg-vorbis: bf7c407c2cedff20999df2af8eb42d56 -> 
========================================================================
Received Prepare
Refreshing native plugins compatible for Editor in 3.24 ms, found 2 plugins.
Preloading 0 native plugins for Editor in 0.00 ms.
Unloading 12 Unused Serialized files (Serialized files now loaded: 0)
Unloading 12 unused Assets / (21.9 KB). Loaded Objects now: 1981.
Memory consumption went from 39.8 MB to 39.8 MB.
Total: 4.558400 ms (FindLiveObjects: 0.298600 ms CreateObjectMapping: 0.168700 ms MarkObjects: 4.070200 ms  DeleteObjects: 0.019400 ms)

AssetImportParameters requested are different than current active one (requested -> active):
  custom:video-decoder-ogg-theora: a1e56fd34408186e4bbccfd4996cb3dc -> 
  custom:container-muxer-webm: aa71ff27fc2769a1b78a27578f13a17b -> 
  custom:container-demuxer-webm: 4f35f7cbe854078d1ac9338744f61a02 -> 
  custom:video-encoder-webm-vp8: eb34c28f22e8b96e1ab97ce403110664 -> 
  custom:video-codec-MediaFoundation-h265: 746d11721c4dcdbdad8f713fa42b33f4 -> 
  custom:audio-encoder-webm-vorbis: bf7c407c2cedff20999df2af8eb42d56 -> 
  custom:framework-win-MediaFoundation: 216162199b28c13a410421893ffa2e32 -> 
  custom:SearchIndexIgnoredProperties: e643bd26f0fe6173181afceb89e7c659 -> 
  custom:container-demuxer-ogg: 62fdf1f143b41e24485cea50d1cbac27 -> 
  custom:video-decoder-webm-vp8: 9c59270c3fd7afecdb556c50c9e8de78 -> 
  custom:audio-decoder-ogg-vorbis: bf7c407c2cedff20999df2af8eb42d56 -> 
========================================================================
Received Prepare
Refreshing native plugins compatible for Editor in 4.02 ms, found 2 plugins.
Preloading 0 native plugins for Editor in 0.00 ms.
Unloading 12 Unused Serialized files (Serialized files now loaded: 0)
Unloading 12 unused Assets / (21.9 KB). Loaded Objects now: 1981.
Memory consumption went from 39.9 MB to 39.8 MB.
Total: 5.187500 ms (FindLiveObjects: 0.151000 ms CreateObjectMapping: 0.077000 ms MarkObjects: 4.932600 ms  DeleteObjects: 0.024400 ms)

AssetImportParameters requested are different than current active one (requested -> active):
  custom:video-decoder-ogg-theora: a1e56fd34408186e4bbccfd4996cb3dc -> 
  custom:container-muxer-webm: aa71ff27fc2769a1b78a27578f13a17b -> 
  custom:container-demuxer-webm: 4f35f7cbe854078d1ac9338744f61a02 -> 
  custom:video-encoder-webm-vp8: eb34c28f22e8b96e1ab97ce403110664 -> 
  custom:video-codec-MediaFoundation-h265: 746d11721c4dcdbdad8f713fa42b33f4 -> 
  custom:audio-encoder-webm-vorbis: bf7c407c2cedff20999df2af8eb42d56 -> 
  custom:framework-win-MediaFoundation: 216162199b28c13a410421893ffa2e32 -> 
  custom:SearchIndexIgnoredProperties: e643bd26f0fe6173181afceb89e7c659 -> 
  custom:container-demuxer-ogg: 62fdf1f143b41e24485cea50d1cbac27 -> 
  custom:video-decoder-webm-vp8: 9c59270c3fd7afecdb556c50c9e8de78 -> 
  custom:audio-decoder-ogg-vorbis: bf7c407c2cedff20999df2af8eb42d56 -> 
========================================================================
Received Prepare
Refreshing native plugins compatible for Editor in 2.99 ms, found 2 plugins.
Preloading 0 native plugins for Editor in 0.00 ms.
Unloading 12 Unused Serialized files (Serialized files now loaded: 0)
Unloading 12 unused Assets / (21.9 KB). Loaded Objects now: 1981.
Memory consumption went from 39.9 MB to 39.8 MB.
Total: 3.494300 ms (FindLiveObjects: 0.178600 ms CreateObjectMapping: 0.090500 ms MarkObjects: 3.205300 ms  DeleteObjects: 0.018600 ms)

AssetImportParameters requested are different than current active one (requested -> active):
  custom:video-decoder-ogg-theora: a1e56fd34408186e4bbccfd4996cb3dc -> 
  custom:container-muxer-webm: aa71ff27fc2769a1b78a27578f13a17b -> 
  custom:container-demuxer-webm: 4f35f7cbe854078d1ac9338744f61a02 -> 
  custom:video-encoder-webm-vp8: eb34c28f22e8b96e1ab97ce403110664 -> 
  custom:video-codec-MediaFoundation-h265: 746d11721c4dcdbdad8f713fa42b33f4 -> 
  custom:audio-encoder-webm-vorbis: bf7c407c2cedff20999df2af8eb42d56 -> 
  custom:framework-win-MediaFoundation: 216162199b28c13a410421893ffa2e32 -> 
  custom:SearchIndexIgnoredProperties: e643bd26f0fe6173181afceb89e7c659 -> 
  custom:container-demuxer-ogg: 62fdf1f143b41e24485cea50d1cbac27 -> 
  custom:video-decoder-webm-vp8: 9c59270c3fd7afecdb556c50c9e8de78 -> 
  custom:audio-decoder-ogg-vorbis: bf7c407c2cedff20999df2af8eb42d56 -> 
========================================================================
Received Import Request.
  Time since last request: 714.439049 seconds.
  path: Assets/Scenes/SalleD'Assise.unity
  artifactKey: Guid(7c16cf7dcc91d124c8772d79bb3503fd) Importer(815301076,1909f56bfc062723c751e8b465ee728b)
Start importing Assets/Scenes/SalleD'Assise.unity using Guid(7c16cf7dcc91d124c8772d79bb3503fd) Importer(815301076,1909f56bfc062723c751e8b465ee728b)  -> (artifact id: 'e98e4e100d3a7ea931664d56b41257a8') in 0.024066 seconds 
========================================================================
Received Prepare
Refreshing native plugins compatible for Editor in 2.17 ms, found 2 plugins.
Preloading 0 native plugins for Editor in 0.00 ms.
Unloading 12 Unused Serialized files (Serialized files now loaded: 0)
Unloading 12 unused Assets / (21.9 KB). Loaded Objects now: 1981.
Memory consumption went from 39.9 MB to 39.8 MB.
Total: 3.170700 ms (FindLiveObjects: 0.139000 ms CreateObjectMapping: 0.065700 ms MarkObjects: 2.943300 ms  DeleteObjects: 0.021100 ms)

AssetImportParameters requested are different than current active one (requested -> active):
  custom:video-decoder-ogg-theora: a1e56fd34408186e4bbccfd4996cb3dc -> 
  custom:container-muxer-webm: aa71ff27fc2769a1b78a27578f13a17b -> 
  custom:container-demuxer-webm: 4f35f7cbe854078d1ac9338744f61a02 -> 
  custom:video-encoder-webm-vp8: eb34c28f22e8b96e1ab97ce403110664 -> 
  custom:video-codec-MediaFoundation-h265: 746d11721c4dcdbdad8f713fa42b33f4 -> 
  custom:audio-encoder-webm-vorbis: bf7c407c2cedff20999df2af8eb42d56 -> 
  custom:framework-win-MediaFoundation: 216162199b28c13a410421893ffa2e32 -> 
  custom:SearchIndexIgnoredProperties: e643bd26f0fe6173181afceb89e7c659 -> 
  custom:container-demuxer-ogg: 62fdf1f143b41e24485cea50d1cbac27 -> 
  custom:video-decoder-webm-vp8: 9c59270c3fd7afecdb556c50c9e8de78 -> 
  custom:audio-decoder-ogg-vorbis: bf7c407c2cedff20999df2af8eb42d56 -> 
========================================================================
Received Import Request.
  Time since last request: 64.056093 seconds.
  path: Assets/Scenes/SalleD'Assise.unity
  artifactKey: Guid(7c16cf7dcc91d124c8772d79bb3503fd) Importer(2089858483,934ff659095e30574adcf32a4c2f97b5)
Start importing Assets/Scenes/SalleD'Assise.unity using Guid(7c16cf7dcc91d124c8772d79bb3503fd) Importer(2089858483,934ff659095e30574adcf32a4c2f97b5) Generated GUIDs only implemented for interfaces!
 -> (artifact id: '6c09b1e4dba6dda7759c5a96078c3446') in 0.013860 seconds 
========================================================================
Received Import Request.
  Time since last request: 24.493010 seconds.
  path: Assets/Scenes/SalleD'Assise.unity
  artifactKey: Guid(7c16cf7dcc91d124c8772d79bb3503fd) Importer(815301076,1909f56bfc062723c751e8b465ee728b)
Start importing Assets/Scenes/SalleD'Assise.unity using Guid(7c16cf7dcc91d124c8772d79bb3503fd) Importer(815301076,1909f56bfc062723c751e8b465ee728b)  -> (artifact id: 'cb0c81142c9b5940179eed45259f44bd') in 0.003546 seconds 
========================================================================
Received Import Request.
  Time since last request: 22.884467 seconds.
  path: Assets/Scenes/SalleD'Assise.unity
  artifactKey: Guid(7c16cf7dcc91d124c8772d79bb3503fd) Importer(2089858483,934ff659095e30574adcf32a4c2f97b5)
Start importing Assets/Scenes/SalleD'Assise.unity using Guid(7c16cf7dcc91d124c8772d79bb3503fd) Importer(2089858483,934ff659095e30574adcf32a4c2f97b5) Generated GUIDs only implemented for interfaces!
 -> (artifact id: 'f63c4b791b3f5c9832afe6caffb9bb0d') in 0.009728 seconds 
========================================================================
Received Import Request.
  Time since last request: 17.986556 seconds.
  path: Assets/Scenes/GrandeSalleDorure.unity
  artifactKey: Guid(d6acd8ec5ab15894e8ddd49340c9c3c9) Importer(2089858483,934ff659095e30574adcf32a4c2f97b5)
Start importing Assets/Scenes/GrandeSalleDorure.unity using Guid(d6acd8ec5ab15894e8ddd49340c9c3c9) Importer(2089858483,934ff659095e30574adcf32a4c2f97b5) Generated GUIDs only implemented for interfaces!
 -> (artifact id: '2de32faf45fcf5b255d9cf011246a97f') in 0.009212 seconds 
========================================================================
Received Import Request.
  Time since last request: 3.550921 seconds.
  path: Assets/Scenes/Salle Dorée.unity
  artifactKey: Guid(ed75b2cb8aa93344a8fa587148054de0) Importer(815301076,1909f56bfc062723c751e8b465ee728b)
Start importing Assets/Scenes/Salle Dorée.unity using Guid(ed75b2cb8aa93344a8fa587148054de0) Importer(815301076,1909f56bfc062723c751e8b465ee728b)  -> (artifact id: '6c2817474efd914226e3ae26fa013f7e') in 0.008254 seconds 
========================================================================
Received Import Request.
  Time since last request: 22.217944 seconds.
  path: Assets/Scenes/Salle Dorée.unity
  artifactKey: Guid(ed75b2cb8aa93344a8fa587148054de0) Importer(2089858483,934ff659095e30574adcf32a4c2f97b5)
Start importing Assets/Scenes/Salle Dorée.unity using Guid(ed75b2cb8aa93344a8fa587148054de0) Importer(2089858483,934ff659095e30574adcf32a4c2f97b5) Generated GUIDs only implemented for interfaces!
 -> (artifact id: '12e6e3bcc16e8a457f7900ad77d99259') in 0.012331 seconds 
========================================================================
Received Import Request.
  Time since last request: 6.197479 seconds.
  path: Assets/Scenes/SalleD'Assise.unity
  artifactKey: Guid(7c16cf7dcc91d124c8772d79bb3503fd) Importer(815301076,1909f56bfc062723c751e8b465ee728b)
Start importing Assets/Scenes/SalleD'Assise.unity using Guid(7c16cf7dcc91d124c8772d79bb3503fd) Importer(815301076,1909f56bfc062723c751e8b465ee728b)  -> (artifact id: '9f595ace903004925e33746cd6a8ac52') in 0.003079 seconds 
========================================================================
Received Import Request.
  Time since last request: 1.746625 seconds.
  path: Assets/Scenes/Salle Dorée.unity
  artifactKey: Guid(ed75b2cb8aa93344a8fa587148054de0) Importer(815301076,1909f56bfc062723c751e8b465ee728b)
Start importing Assets/Scenes/Salle Dorée.unity using Guid(ed75b2cb8aa93344a8fa587148054de0) Importer(815301076,1909f56bfc062723c751e8b465ee728b)  -> (artifact id: '40124e91f87ca470ba9e6b0f07708cb4') in 0.003316 seconds 
========================================================================
Received Import Request.
  Time since last request: 3.232246 seconds.
  path: Assets/Scenes/LaGrandeRouge.unity
  artifactKey: Guid(f86d5c88e0caa9a4c85adc4ab563f9d1) Importer(815301076,1909f56bfc062723c751e8b465ee728b)
Start importing Assets/Scenes/LaGrandeRouge.unity using Guid(f86d5c88e0caa9a4c85adc4ab563f9d1) Importer(815301076,1909f56bfc062723c751e8b465ee728b)  -> (artifact id: '7d2bbceaf0a1db8908954de92dbb02a1') in 0.008528 seconds 
========================================================================
Received Import Request.
  Time since last request: 16.863409 seconds.
  path: Assets/Scenes/LaGrandeRouge.unity
  artifactKey: Guid(f86d5c88e0caa9a4c85adc4ab563f9d1) Importer(2089858483,934ff659095e30574adcf32a4c2f97b5)
Start importing Assets/Scenes/LaGrandeRouge.unity using Guid(f86d5c88e0caa9a4c85adc4ab563f9d1) Importer(2089858483,934ff659095e30574adcf32a4c2f97b5) Generated GUIDs only implemented for interfaces!
 -> (artifact id: '57499400c3da76a680b6d4df73548a96') in 0.010133 seconds 
========================================================================
Received Prepare
Refreshing native plugins compatible for Editor in 3.65 ms, found 2 plugins.
Preloading 0 native plugins for Editor in 0.00 ms.
Unloading 12 Unused Serialized files (Serialized files now loaded: 0)
Unloading 12 unused Assets / (21.9 KB). Loaded Objects now: 1981.
Memory consumption went from 39.9 MB to 39.9 MB.
Total: 4.350700 ms (FindLiveObjects: 0.185900 ms CreateObjectMapping: 0.080300 ms MarkObjects: 4.063700 ms  DeleteObjects: 0.019800 ms)

AssetImportParameters requested are different than current active one (requested -> active):
  custom:video-decoder-ogg-theora: a1e56fd34408186e4bbccfd4996cb3dc -> 
  custom:container-muxer-webm: aa71ff27fc2769a1b78a27578f13a17b -> 
  custom:container-demuxer-webm: 4f35f7cbe854078d1ac9338744f61a02 -> 
  custom:video-encoder-webm-vp8: eb34c28f22e8b96e1ab97ce403110664 -> 
  custom:video-codec-MediaFoundation-h265: 746d11721c4dcdbdad8f713fa42b33f4 -> 
  custom:audio-encoder-webm-vorbis: bf7c407c2cedff20999df2af8eb42d56 -> 
  custom:framework-win-MediaFoundation: 216162199b28c13a410421893ffa2e32 -> 
  custom:SearchIndexIgnoredProperties: e643bd26f0fe6173181afceb89e7c659 -> 
  custom:container-demuxer-ogg: 62fdf1f143b41e24485cea50d1cbac27 -> 
  custom:video-decoder-webm-vp8: 9c59270c3fd7afecdb556c50c9e8de78 -> 
  custom:audio-decoder-ogg-vorbis: bf7c407c2cedff20999df2af8eb42d56 -> 
